# JRE version: OpenJDK Runtime Environment (21.0.3) (build 21.0.3+-12282718-b509.11)
# Java VM: OpenJDK 64-Bit Server VM (21.0.3+-12282718-b509.11, mixed mode, tiered, compressed oops, compressed class ptrs, g1 gc, windows-amd64)
GC Precious Log:
 CardTable entry size: 512
 Card Set container configuration: InlinePtr #cards 5 size 8 Array Of Cards #cards 12 size 40 Howl #buckets 4 coarsen threshold 1843 Howl Bitmap #cards 512 size 80 coarsen threshold 460 Card regions per heap region 1 cards per card region 2048
 CPUs: 20 total, 20 available
 Memory: 16068M
 Large Page Support: Disabled
 NUMA Support: Disabled
 Compressed Oops: Enabled (32-bit)
 Heap Region Size: 1M
 Heap Min Capacity: 8M
 Heap Initial Capacity: 252M
 Heap Max Capacity: 2G
 Pre-touch: Disabled
 Parallel Workers: 15
 Concurrent Workers: 4
 Concurrent Refinement Workers: 15
 Periodic GC: Disabled
Heap:
 garbage-first heap   total 165888K, used 122618K [0x0000000080000000, 0x0000000100000000)
  region size 1024K, 54 young (55296K), 11 survivors (11264K)
 Metaspace       used 65138K, committed 66816K, reserved 1114112K
  class space    used 8924K, committed 9792K, reserved 1048576K
GC Heap History (20 events):
Event: 0.608 GC heap before
{Heap before GC invocations=1 (full 0):
 garbage-first heap   total 258048K, used 40834K [0x0000000080000000, 0x0000000100000000)
  region size 1024K, 33 young (33792K), 3 survivors (3072K)
 Metaspace       used 12113K, committed 12352K, reserved 1114112K
  class space    used 1278K, committed 1408K, reserved 1048576K
}
Event: 0.611 GC heap after
{Heap after GC invocations=2 (full 0):
 garbage-first heap   total 258048K, used 11907K [0x0000000080000000, 0x0000000100000000)
  region size 1024K, 2 young (2048K), 2 survivors (2048K)
 Metaspace       used 12113K, committed 12352K, reserved 1114112K
  class space    used 1278K, committed 1408K, reserved 1048576K
}
Event: 1.187 GC heap before
{Heap before GC invocations=2 (full 0):
 garbage-first heap   total 258048K, used 77443K [0x0000000080000000, 0x0000000100000000)
  region size 1024K, 65 young (66560K), 2 survivors (2048K)
 Metaspace       used 21203K, committed 21504K, reserved 1114112K
  class space    used 2432K, committed 2560K, reserved 1048576K
}
Event: 1.191 GC heap after
{Heap after GC invocations=3 (full 0):
 garbage-first heap   total 258048K, used 20673K [0x0000000080000000, 0x0000000100000000)
  region size 1024K, 10 young (10240K), 10 survivors (10240K)
 Metaspace       used 21203K, committed 21504K, reserved 1114112K
  class space    used 2432K, committed 2560K, reserved 1048576K
}
Event: 1.698 GC heap before
{Heap before GC invocations=4 (full 0):
 garbage-first heap   total 78848K, used 76993K [0x0000000080000000, 0x0000000100000000)
  region size 1024K, 65 young (66560K), 10 survivors (10240K)
 Metaspace       used 30198K, committed 30848K, reserved 1114112K
  class space    used 3892K, committed 4224K, reserved 1048576K
}
Event: 1.703 GC heap after
{Heap after GC invocations=5 (full 0):
 garbage-first heap   total 92160K, used 24105K [0x0000000080000000, 0x0000000100000000)
  region size 1024K, 13 young (13312K), 13 survivors (13312K)
 Metaspace       used 30198K, committed 30848K, reserved 1114112K
  class space    used 3892K, committed 4224K, reserved 1048576K
}
Event: 2.026 GC heap before
{Heap before GC invocations=5 (full 0):
 garbage-first heap   total 92160K, used 75305K [0x0000000080000000, 0x0000000100000000)
  region size 1024K, 54 young (55296K), 13 survivors (13312K)
 Metaspace       used 35158K, committed 35968K, reserved 1114112K
  class space    used 4743K, committed 5120K, reserved 1048576K
}
Event: 2.030 GC heap after
{Heap after GC invocations=6 (full 0):
 garbage-first heap   total 98304K, used 41089K [0x0000000080000000, 0x0000000100000000)
  region size 1024K, 7 young (7168K), 7 survivors (7168K)
 Metaspace       used 35158K, committed 35968K, reserved 1114112K
  class space    used 4743K, committed 5120K, reserved 1048576K
}
Event: 2.068 GC heap before
{Heap before GC invocations=6 (full 0):
 garbage-first heap   total 98304K, used 46209K [0x0000000080000000, 0x0000000100000000)
  region size 1024K, 12 young (12288K), 7 survivors (7168K)
 Metaspace       used 35505K, committed 36288K, reserved 1114112K
  class space    used 4795K, committed 5184K, reserved 1048576K
}
Event: 2.071 GC heap after
{Heap after GC invocations=7 (full 0):
 garbage-first heap   total 98304K, used 43755K [0x0000000080000000, 0x0000000100000000)
  region size 1024K, 2 young (2048K), 2 survivors (2048K)
 Metaspace       used 35505K, committed 36288K, reserved 1114112K
  class space    used 4795K, committed 5184K, reserved 1048576K
}
Event: 2.350 GC heap before
{Heap before GC invocations=8 (full 0):
 garbage-first heap   total 98304K, used 82667K [0x0000000080000000, 0x0000000100000000)
  region size 1024K, 40 young (40960K), 2 survivors (2048K)
 Metaspace       used 40393K, committed 41536K, reserved 1114112K
  class space    used 5604K, committed 6144K, reserved 1048576K
}
Event: 2.352 GC heap after
{Heap after GC invocations=9 (full 0):
 garbage-first heap   total 98304K, used 44924K [0x0000000080000000, 0x0000000100000000)
  region size 1024K, 3 young (3072K), 3 survivors (3072K)
 Metaspace       used 40393K, committed 41536K, reserved 1114112K
  class space    used 5604K, committed 6144K, reserved 1048576K
}
Event: 2.671 GC heap before
{Heap before GC invocations=9 (full 0):
 garbage-first heap   total 98304K, used 83836K [0x0000000080000000, 0x0000000100000000)
  region size 1024K, 42 young (43008K), 3 survivors (3072K)
 Metaspace       used 48111K, committed 49408K, reserved 1114112K
  class space    used 6614K, committed 7232K, reserved 1048576K
}
Event: 2.674 GC heap after
{Heap after GC invocations=10 (full 0):
 garbage-first heap   total 98304K, used 48491K [0x0000000080000000, 0x0000000100000000)
  region size 1024K, 6 young (6144K), 6 survivors (6144K)
 Metaspace       used 48111K, committed 49408K, reserved 1114112K
  class space    used 6614K, committed 7232K, reserved 1048576K
}
Event: 2.794 GC heap before
{Heap before GC invocations=10 (full 0):
 garbage-first heap   total 98304K, used 80235K [0x0000000080000000, 0x0000000100000000)
  region size 1024K, 38 young (38912K), 6 survivors (6144K)
 Metaspace       used 49589K, committed 50816K, reserved 1114112K
  class space    used 6736K, committed 7360K, reserved 1048576K
}
Event: 2.798 GC heap after
{Heap after GC invocations=11 (full 0):
 garbage-first heap   total 98304K, used 53044K [0x0000000080000000, 0x0000000100000000)
  region size 1024K, 4 young (4096K), 4 survivors (4096K)
 Metaspace       used 49589K, committed 50816K, reserved 1114112K
  class space    used 6736K, committed 7360K, reserved 1048576K
}
Event: 3.049 GC heap before
{Heap before GC invocations=12 (full 0):
 garbage-first heap   total 99328K, used 90932K [0x0000000080000000, 0x0000000100000000)
  region size 1024K, 37 young (37888K), 4 survivors (4096K)
 Metaspace       used 54195K, committed 55680K, reserved 1114112K
  class space    used 7387K, committed 8128K, reserved 1048576K
}
Event: 3.052 GC heap after
{Heap after GC invocations=13 (full 0):
 garbage-first heap   total 151552K, used 54574K [0x0000000080000000, 0x0000000100000000)
  region size 1024K, 4 young (4096K), 4 survivors (4096K)
 Metaspace       used 54195K, committed 55680K, reserved 1114112K
  class space    used 7387K, committed 8128K, reserved 1048576K
}
Event: 3.603 GC heap before
{Heap before GC invocations=13 (full 0):
 garbage-first heap   total 151552K, used 148782K [0x0000000080000000, 0x0000000100000000)
  region size 1024K, 81 young (82944K), 4 survivors (4096K)
 Metaspace       used 59770K, committed 61376K, reserved 1114112K
  class space    used 8102K, committed 8896K, reserved 1048576K
}
Event: 3.608 GC heap after
{Heap after GC invocations=14 (full 0):
 garbage-first heap   total 165888K, used 79610K [0x0000000080000000, 0x0000000100000000)
  region size 1024K, 11 young (11264K), 11 survivors (11264K)
 Metaspace       used 59770K, committed 61376K, reserved 1114112K
  class space    used 8102K, committed 8896K, reserved 1048576K
}

