# JRE version: OpenJDK Runtime Environment (21.0.3) (build 21.0.3+-12282718-b509.11)
# Java VM: OpenJDK 64-Bit Server VM (21.0.3+-12282718-b509.11, mixed mode, tiered, compressed oops, compressed class ptrs, g1 gc, windows-amd64)
GC Precious Log:
 CardTable entry size: 512
 Card Set container configuration: InlinePtr #cards 5 size 8 Array Of Cards #cards 12 size 40 Howl #buckets 4 coarsen threshold 1843 Howl Bitmap #cards 512 size 80 coarsen threshold 460 Card regions per heap region 1 cards per card region 2048
 CPUs: 20 total, 20 available
 Memory: 16068M
 Large Page Support: Disabled
 NUMA Support: Disabled
 Compressed Oops: Enabled (32-bit)
 Heap Region Size: 1M
 Heap Min Capacity: 8M
 Heap Initial Capacity: 252M
 Heap Max Capacity: 2G
 Pre-touch: Disabled
 Parallel Workers: 15
 Concurrent Workers: 4
 Concurrent Refinement Workers: 15
 Periodic GC: Disabled
Heap:
 garbage-first heap   total 142336K, used 88453K [0x0000000080000000, 0x0000000100000000)
  region size 1024K, 10 young (10240K), 3 survivors (3072K)
 Metaspace       used 66426K, committed 68224K, reserved 1114112K
  class space    used 9163K, committed 10048K, reserved 1048576K
GC Heap History (20 events):
Event: 2.035 GC heap before
{Heap before GC invocations=5 (full 0):
 garbage-first heap   total 89088K, used 72179K [0x0000000080000000, 0x0000000100000000)
  region size 1024K, 52 young (53248K), 13 survivors (13312K)
 Metaspace       used 34919K, committed 35776K, reserved 1114112K
  class space    used 4710K, committed 5120K, reserved 1048576K
}
Event: 2.038 GC heap after
{Heap after GC invocations=6 (full 0):
 garbage-first heap   total 92160K, used 36944K [0x0000000080000000, 0x0000000100000000)
  region size 1024K, 7 young (7168K), 7 survivors (7168K)
 Metaspace       used 34919K, committed 35776K, reserved 1114112K
  class space    used 4710K, committed 5120K, reserved 1048576K
}
Event: 2.082 GC heap before
{Heap before GC invocations=6 (full 0):
 garbage-first heap   total 92160K, used 44112K [0x0000000080000000, 0x0000000100000000)
  region size 1024K, 13 young (13312K), 7 survivors (7168K)
 Metaspace       used 35283K, committed 36096K, reserved 1114112K
  class space    used 4764K, committed 5184K, reserved 1048576K
}
Event: 2.085 GC heap after
{Heap after GC invocations=7 (full 0):
 garbage-first heap   total 92160K, used 41966K [0x0000000080000000, 0x0000000100000000)
  region size 1024K, 3 young (3072K), 3 survivors (3072K)
 Metaspace       used 35283K, committed 36096K, reserved 1114112K
  class space    used 4764K, committed 5184K, reserved 1048576K
}
Event: 2.286 GC heap before
{Heap before GC invocations=8 (full 0):
 garbage-first heap   total 92160K, used 68590K [0x0000000080000000, 0x0000000100000000)
  region size 1024K, 28 young (28672K), 3 survivors (3072K)
 Metaspace       used 38221K, committed 39168K, reserved 1114112K
  class space    used 5217K, committed 5696K, reserved 1048576K
}
Event: 2.288 GC heap after
{Heap after GC invocations=9 (full 0):
 garbage-first heap   total 92160K, used 43654K [0x0000000080000000, 0x0000000100000000)
  region size 1024K, 4 young (4096K), 4 survivors (4096K)
 Metaspace       used 38221K, committed 39168K, reserved 1114112K
  class space    used 5217K, committed 5696K, reserved 1048576K
}
Event: 2.445 GC heap before
{Heap before GC invocations=9 (full 0):
 garbage-first heap   total 92160K, used 70278K [0x0000000080000000, 0x0000000100000000)
  region size 1024K, 30 young (30720K), 4 survivors (4096K)
 Metaspace       used 41499K, committed 42688K, reserved 1114112K
  class space    used 5784K, committed 6336K, reserved 1048576K
}
Event: 2.448 GC heap after
{Heap after GC invocations=10 (full 0):
 garbage-first heap   total 92160K, used 44819K [0x0000000080000000, 0x0000000100000000)
  region size 1024K, 3 young (3072K), 3 survivors (3072K)
 Metaspace       used 41499K, committed 42688K, reserved 1114112K
  class space    used 5784K, committed 6336K, reserved 1048576K
}
Event: 2.684 GC heap before
{Heap before GC invocations=10 (full 0):
 garbage-first heap   total 92160K, used 71443K [0x0000000080000000, 0x0000000100000000)
  region size 1024K, 30 young (30720K), 3 survivors (3072K)
 Metaspace       used 47450K, committed 48768K, reserved 1114112K
  class space    used 6509K, committed 7168K, reserved 1048576K
}
Event: 2.688 GC heap after
{Heap after GC invocations=11 (full 0):
 garbage-first heap   total 142336K, used 47470K [0x0000000080000000, 0x0000000100000000)
  region size 1024K, 4 young (4096K), 4 survivors (4096K)
 Metaspace       used 47450K, committed 48768K, reserved 1114112K
  class space    used 6509K, committed 7168K, reserved 1048576K
}
Event: 3.030 GC heap before
{Heap before GC invocations=12 (full 0):
 garbage-first heap   total 142336K, used 107886K [0x0000000080000000, 0x0000000100000000)
  region size 1024K, 59 young (60416K), 4 survivors (4096K)
 Metaspace       used 52778K, committed 54208K, reserved 1114112K
  class space    used 7129K, committed 7808K, reserved 1048576K
}
Event: 3.034 GC heap after
{Heap after GC invocations=13 (full 0):
 garbage-first heap   total 142336K, used 53009K [0x0000000080000000, 0x0000000100000000)
  region size 1024K, 8 young (8192K), 8 survivors (8192K)
 Metaspace       used 52778K, committed 54208K, reserved 1114112K
  class space    used 7129K, committed 7808K, reserved 1048576K
}
Event: 3.473 GC heap before
{Heap before GC invocations=13 (full 0):
 garbage-first heap   total 142336K, used 122641K [0x0000000080000000, 0x0000000100000000)
  region size 1024K, 63 young (64512K), 8 survivors (8192K)
 Metaspace       used 56904K, committed 58432K, reserved 1114112K
  class space    used 7759K, committed 8512K, reserved 1048576K
}
Event: 3.476 GC heap after
{Heap after GC invocations=14 (full 0):
 garbage-first heap   total 142336K, used 75799K [0x0000000080000000, 0x0000000100000000)
  region size 1024K, 8 young (8192K), 8 survivors (8192K)
 Metaspace       used 56904K, committed 58432K, reserved 1114112K
  class space    used 7759K, committed 8512K, reserved 1048576K
}
Event: 3.480 GC heap before
{Heap before GC invocations=14 (full 0):
 garbage-first heap   total 142336K, used 75799K [0x0000000080000000, 0x0000000100000000)
  region size 1024K, 10 young (10240K), 8 survivors (8192K)
 Metaspace       used 56943K, committed 58496K, reserved 1114112K
  class space    used 7765K, committed 8512K, reserved 1048576K
}
Event: 3.482 GC heap after
{Heap after GC invocations=15 (full 0):
 garbage-first heap   total 142336K, used 77105K [0x0000000080000000, 0x0000000100000000)
  region size 1024K, 2 young (2048K), 2 survivors (2048K)
 Metaspace       used 56943K, committed 58496K, reserved 1114112K
  class space    used 7765K, committed 8512K, reserved 1048576K
}
Event: 3.778 GC heap before
{Heap before GC invocations=16 (full 0):
 garbage-first heap   total 142336K, used 122161K [0x0000000080000000, 0x0000000100000000)
  region size 1024K, 44 young (45056K), 2 survivors (2048K)
 Metaspace       used 61220K, committed 62848K, reserved 1114112K
  class space    used 8332K, committed 9088K, reserved 1048576K
}
Event: 3.780 GC heap after
{Heap after GC invocations=17 (full 0):
 garbage-first heap   total 142336K, used 79961K [0x0000000080000000, 0x0000000100000000)
  region size 1024K, 4 young (4096K), 4 survivors (4096K)
 Metaspace       used 61220K, committed 62848K, reserved 1114112K
  class space    used 8332K, committed 9088K, reserved 1048576K
}
Event: 4.093 GC heap before
{Heap before GC invocations=17 (full 0):
 garbage-first heap   total 142336K, used 122969K [0x0000000080000000, 0x0000000100000000)
  region size 1024K, 46 young (47104K), 4 survivors (4096K)
 Metaspace       used 66020K, committed 67776K, reserved 1114112K
  class space    used 9098K, committed 9984K, reserved 1048576K
}
Event: 4.096 GC heap after
{Heap after GC invocations=18 (full 0):
 garbage-first heap   total 142336K, used 82309K [0x0000000080000000, 0x0000000100000000)
  region size 1024K, 3 young (3072K), 3 survivors (3072K)
 Metaspace       used 66020K, committed 67776K, reserved 1114112K
  class space    used 9098K, committed 9984K, reserved 1048576K
}

