# JRE version: OpenJDK Runtime Environment (21.0.3) (build 21.0.3+-12282718-b509.11)
# Java VM: OpenJDK 64-Bit Server VM (21.0.3+-12282718-b509.11, mixed mode, tiered, compressed oops, compressed class ptrs, g1 gc, windows-amd64)
GC Precious Log:
 CardTable entry size: 512
 Card Set container configuration: InlinePtr #cards 5 size 8 Array Of Cards #cards 12 size 40 Howl #buckets 4 coarsen threshold 1843 Howl Bitmap #cards 512 size 80 coarsen threshold 460 Card regions per heap region 1 cards per card region 2048
 CPUs: 20 total, 20 available
 Memory: 16068M
 Large Page Support: Disabled
 NUMA Support: Disabled
 Compressed Oops: Enabled (32-bit)
 Heap Region Size: 1M
 Heap Min Capacity: 8M
 Heap Initial Capacity: 252M
 Heap Max Capacity: 2G
 Pre-touch: Disabled
 Parallel Workers: 15
 Concurrent Workers: 4
 Concurrent Refinement Workers: 15
 Periodic GC: Disabled
Heap:
 garbage-first heap   total 189440K, used 100358K [0x0000000080000000, 0x0000000100000000)
  region size 1024K, 4 young (4096K), 4 survivors (4096K)
 Metaspace       used 82812K, committed 84608K, reserved 1179648K
  class space    used 11217K, committed 12096K, reserved 1048576K
GC Heap History (20 events):
Event: 16.190 GC heap after
{Heap after GC invocations=10 (full 0):
 garbage-first heap   total 93184K, used 43715K [0x0000000080000000, 0x0000000100000000)
  region size 1024K, 3 young (3072K), 3 survivors (3072K)
 Metaspace       used 38779K, committed 39808K, reserved 1114112K
  class space    used 5334K, committed 5824K, reserved 1048576K
}
Event: 16.420 GC heap before
{Heap before GC invocations=10 (full 0):
 garbage-first heap   total 93184K, used 75459K [0x0000000080000000, 0x0000000100000000)
  region size 1024K, 35 young (35840K), 3 survivors (3072K)
 Metaspace       used 43324K, committed 44608K, reserved 1114112K
  class space    used 6082K, committed 6720K, reserved 1048576K
}
Event: 16.424 GC heap after
{Heap after GC invocations=11 (full 0):
 garbage-first heap   total 93184K, used 45464K [0x0000000080000000, 0x0000000100000000)
  region size 1024K, 4 young (4096K), 4 survivors (4096K)
 Metaspace       used 43324K, committed 44608K, reserved 1114112K
  class space    used 6082K, committed 6720K, reserved 1048576K
}
Event: 16.679 GC heap before
{Heap before GC invocations=11 (full 0):
 garbage-first heap   total 93184K, used 77208K [0x0000000080000000, 0x0000000100000000)
  region size 1024K, 36 young (36864K), 4 survivors (4096K)
 Metaspace       used 49047K, committed 50304K, reserved 1114112K
  class space    used 6672K, committed 7296K, reserved 1048576K
}
Event: 16.684 GC heap after
{Heap after GC invocations=12 (full 0):
 garbage-first heap   total 152576K, used 49624K [0x0000000080000000, 0x0000000100000000)
  region size 1024K, 5 young (5120K), 5 survivors (5120K)
 Metaspace       used 49047K, committed 50304K, reserved 1114112K
  class space    used 6672K, committed 7296K, reserved 1048576K
}
Event: 17.393 GC heap before
{Heap before GC invocations=13 (full 0):
 garbage-first heap   total 152576K, used 131544K [0x0000000080000000, 0x0000000100000000)
  region size 1024K, 79 young (80896K), 5 survivors (5120K)
 Metaspace       used 56077K, committed 57600K, reserved 1114112K
  class space    used 7688K, committed 8448K, reserved 1048576K
}
Event: 17.396 GC heap after
{Heap after GC invocations=14 (full 0):
 garbage-first heap   total 152576K, used 59995K [0x0000000080000000, 0x0000000100000000)
  region size 1024K, 10 young (10240K), 10 survivors (10240K)
 Metaspace       used 56077K, committed 57600K, reserved 1114112K
  class space    used 7688K, committed 8448K, reserved 1048576K
}
Event: 17.870 GC heap before
{Heap before GC invocations=14 (full 0):
 garbage-first heap   total 152576K, used 137819K [0x0000000080000000, 0x0000000100000000)
  region size 1024K, 73 young (74752K), 10 survivors (10240K)
 Metaspace       used 61324K, committed 62912K, reserved 1114112K
  class space    used 8323K, committed 9088K, reserved 1048576K
}
Event: 17.874 GC heap after
{Heap after GC invocations=15 (full 0):
 garbage-first heap   total 159744K, used 81492K [0x0000000080000000, 0x0000000100000000)
  region size 1024K, 10 young (10240K), 10 survivors (10240K)
 Metaspace       used 61324K, committed 62912K, reserved 1114112K
  class space    used 8323K, committed 9088K, reserved 1048576K
}
Event: 18.230 GC heap before
{Heap before GC invocations=15 (full 0):
 garbage-first heap   total 159744K, used 135764K [0x0000000080000000, 0x0000000100000000)
  region size 1024K, 64 young (65536K), 10 survivors (10240K)
 Metaspace       used 69056K, committed 70720K, reserved 1114112K
  class space    used 9330K, committed 10176K, reserved 1048576K
}
Event: 18.235 GC heap after
{Heap after GC invocations=16 (full 0):
 garbage-first heap   total 159744K, used 89376K [0x0000000080000000, 0x0000000100000000)
  region size 1024K, 8 young (8192K), 8 survivors (8192K)
 Metaspace       used 69056K, committed 70720K, reserved 1114112K
  class space    used 9330K, committed 10176K, reserved 1048576K
}
Event: 18.733 GC heap before
{Heap before GC invocations=16 (full 0):
 garbage-first heap   total 159744K, used 139552K [0x0000000080000000, 0x0000000100000000)
  region size 1024K, 57 young (58368K), 8 survivors (8192K)
 Metaspace       used 74972K, committed 76800K, reserved 1179648K
  class space    used 10196K, committed 11136K, reserved 1048576K
}
Event: 18.736 GC heap after
{Heap after GC invocations=17 (full 0):
 garbage-first heap   total 159744K, used 89289K [0x0000000080000000, 0x0000000100000000)
  region size 1024K, 3 young (3072K), 3 survivors (3072K)
 Metaspace       used 74972K, committed 76800K, reserved 1179648K
  class space    used 10196K, committed 11136K, reserved 1048576K
}
Event: 19.154 GC heap before
{Heap before GC invocations=18 (full 0):
 garbage-first heap   total 159744K, used 140489K [0x0000000080000000, 0x0000000100000000)
  region size 1024K, 54 young (55296K), 3 survivors (3072K)
 Metaspace       used 81090K, committed 82880K, reserved 1179648K
  class space    used 11069K, committed 11968K, reserved 1048576K
}
Event: 19.156 GC heap after
{Heap after GC invocations=19 (full 0):
 garbage-first heap   total 159744K, used 92836K [0x0000000080000000, 0x0000000100000000)
  region size 1024K, 7 young (7168K), 7 survivors (7168K)
 Metaspace       used 81090K, committed 82880K, reserved 1179648K
  class space    used 11069K, committed 11968K, reserved 1048576K
}
Event: 19.599 GC heap before
{Heap before GC invocations=19 (full 0):
 garbage-first heap   total 159744K, used 140964K [0x0000000080000000, 0x0000000100000000)
  region size 1024K, 55 young (56320K), 7 survivors (7168K)
 Metaspace       used 82583K, committed 84352K, reserved 1179648K
  class space    used 11219K, committed 12096K, reserved 1048576K
}
Event: 19.603 GC heap after
{Heap after GC invocations=20 (full 0):
 garbage-first heap   total 159744K, used 96605K [0x0000000080000000, 0x0000000100000000)
  region size 1024K, 7 young (7168K), 7 survivors (7168K)
 Metaspace       used 82583K, committed 84352K, reserved 1179648K
  class space    used 11219K, committed 12096K, reserved 1048576K
}
Event: 19.703 GC heap before
{Heap before GC invocations=20 (full 0):
 garbage-first heap   total 159744K, used 141661K [0x0000000080000000, 0x0000000100000000)
  region size 1024K, 52 young (53248K), 7 survivors (7168K)
 Metaspace       used 82816K, committed 84608K, reserved 1179648K
  class space    used 11219K, committed 12096K, reserved 1048576K
}
Event: 19.707 GC heap after
{Heap after GC invocations=21 (full 0):
 garbage-first heap   total 159744K, used 99335K [0x0000000080000000, 0x0000000100000000)
  region size 1024K, 4 young (4096K), 4 survivors (4096K)
 Metaspace       used 82816K, committed 84608K, reserved 1179648K
  class space    used 11219K, committed 12096K, reserved 1048576K
}
Event: 20.891 GC heap before
{Heap before GC invocations=22 (full 0):
 garbage-first heap   total 189440K, used 143367K [0x0000000080000000, 0x0000000100000000)
  region size 1024K, 48 young (49152K), 4 survivors (4096K)
 Metaspace       used 82812K, committed 84608K, reserved 1179648K
  class space    used 11217K, committed 12096K, reserved 1048576K
}

